<html>
<head>
<title>TestNG:  Smoke</title>
<link href="../testng.css" rel="stylesheet" type="text/css" />
<link href="../my-testng.css" rel="stylesheet" type="text/css" />

<style type="text/css">
.log { display: none;} 
.stack-trace { display: none;} 
</style>
<script type="text/javascript">
<!--
function flip(e) {
  current = e.style.display;
  if (current == 'block') {
    e.style.display = 'none';
    return 0;
  }
  else {
    e.style.display = 'block';
    return 1;
  }
}

function toggleBox(szDivId, elem, msg1, msg2)
{
  var res = -1;  if (document.getElementById) {
    res = flip(document.getElementById(szDivId));
  }
  else if (document.all) {
    // this is the way old msie versions work
    res = flip(document.all[szDivId]);
  }
  if(elem) {
    if(res == 0) elem.innerHTML = msg1; else elem.innerHTML = msg2;
  }

}

function toggleAllBoxes() {
  if (document.getElementsByTagName) {
    d = document.getElementsByTagName('div');
    for (i = 0; i < d.length; i++) {
      if (d[i].className == 'log') {
        flip(d[i]);
      }
    }
  }
}

// -->
</script>

</head>
<body>
<h2 align='center'>Smoke</h2><table border='1' align="center">
<tr>
<td>Tests passed/Failed/Skipped:</td><td>46/1/0</td>
</tr><tr>
<td>Started on:</td><td>Thu Dec 05 12:57:39 IST 2024</td>
</tr>
<tr><td>Total time:</td><td>1452 seconds (1452673 ms)</td>
</tr><tr>
<td>Included groups:</td><td></td>
</tr><tr>
<td>Excluded groups:</td><td></td>
</tr>
</table><p/>
<small><i>(Hover the method name to see the test class name)</i></small><p/>
<table width='100%' border='1' class='invocation-failed'>
<tr><td colspan='4' align='center'><b>FAILED TESTS</b></td></tr>
<tr><td><b>Test method</b></td>
<td width="30%"><b>Exception</b></td>
<td width="10%"><b>Time (seconds)</b></td>
<td><b>Instance</b></td>
</tr>
<tr>
<td title='com.orangehrm.qa.testcases.DashboardPageTest.helpButtonTest()'><b>helpButtonTest</b><br>Test class: com.orangehrm.qa.testcases.DashboardPageTest</td>
<td><div><pre>org.openqa.selenium.NoSuchElementException: no such element: Unable to locate element: {&quot;method&quot;:&quot;link text&quot;,&quot;selector&quot;:&quot;img&quot;}
  (Session info: chrome=131.0.6778.87)
For documentation on this error, please visit: https://www.selenium.dev/documentation/webdriver/troubleshooting/errors#no-such-element-exception
Build info: version: &apos;4.27.0&apos;, revision: &apos;d6e718d134&apos;
System info: os.name: &apos;Windows 10&apos;, os.arch: &apos;amd64&apos;, os.version: &apos;10.0&apos;, java.version: &apos;23&apos;
Driver info: org.openqa.selenium.chrome.ChromeDriver
Command: [e6f199bb72497b32846ee80d07db725f, findElement {value=img, using=link text}]
Capabilities {acceptInsecureCerts: false, browserName: chrome, browserVersion: 131.0.6778.87, chrome: {chromedriverVersion: 131.0.6778.85 (3d81e41b6f3a..., userDataDir: C:\Users\yuvan\AppData\Loca...}, fedcm:accounts: true, goog:chromeOptions: {debuggerAddress: localhost:58134}, networkConnectionEnabled: false, pageLoadStrategy: normal, platformName: windows, proxy: Proxy(), se:cdp: ws://localhost:58134/devtoo..., se:cdpVersion: 131.0.6778.87, setWindowRect: true, strictFileInteractability: false, timeouts: {implicit: 0, pageLoad: 300000, script: 30000}, unhandledPromptBehavior: dismiss and notify, webauthn:extension:credBlob: true, webauthn:extension:largeBlob: true, webauthn:extension:minPinLength: true, webauthn:extension:prf: true, webauthn:virtualAuthenticators: true}
Session ID: e6f199bb72497b32846ee80d07db725f
	at org.openqa.selenium.remote.ErrorCodec.decode(ErrorCodec.java:167)
	at org.openqa.selenium.remote.codec.w3c.W3CHttpResponseCodec.decode(W3CHttpResponseCodec.java:138)
	at org.openqa.selenium.remote.codec.w3c.W3CHttpResponseCodec.decode(W3CHttpResponseCodec.java:50)
	at org.openqa.selenium.remote.HttpCommandExecutor.execute(HttpCommandExecutor.java:190)
	at org.openqa.selenium.remote.service.DriverCommandExecutor.invokeExecute(DriverCommandExecutor.java:216)
	at org.openqa.selenium.remote.service.DriverCommandExecutor.execute(DriverCommandExecutor.java:174)
	at org.openqa.selenium.remote.RemoteWebDriver.execute(RemoteWebDriver.java:545)
	at org.openqa.selenium.remote.ElementLocation$ElementFinder$2.findElement(ElementLocation.java:165)
	at org.openqa.selenium.remote.ElementLocation.findElement(ElementLocation.java:59)
	at org.openqa.selenium.remote.RemoteWebDriver.findElement(RemoteWebDriver.java:368)
	at org.openqa.selenium.remote.RemoteWebDriver.findElement(RemoteWebDriver.java:362)
	at org.openqa.selenium.support.pagefactory.DefaultElementLocator.findElement(DefaultElementLocator.java:68)
	at org.openqa.selenium.support.pagefactory.internal.LocatingElementHandler.invoke(LocatingElementHandler.java:38)
	at jdk.proxy2/jdk.proxy2.$Proxy14.isDisplayed(Unknown Source)
	at com.orangehrm.qa.pages.DashboardPage.headerHelpMain(DashboardPage.java:75)
	at com.orangehrm.qa.testcases.DashboardPageTest.helpButtonTest(DashboardPageTest.java:71)
	at java.base/java.util.ArrayList.forEach(ArrayList.java:1597)
... Removed 28 stack frames</pre></div><a href='#' onClick='toggleBox("stack-trace451934410", this, "Click to show all stack frames", "Click to hide stack frames")'>Click to show all stack frames</a>
<div class='stack-trace' id='stack-trace451934410'><pre>org.openqa.selenium.NoSuchElementException: no such element: Unable to locate element: {&quot;method&quot;:&quot;link text&quot;,&quot;selector&quot;:&quot;img&quot;}
  (Session info: chrome=131.0.6778.87)
For documentation on this error, please visit: https://www.selenium.dev/documentation/webdriver/troubleshooting/errors#no-such-element-exception
Build info: version: &apos;4.27.0&apos;, revision: &apos;d6e718d134&apos;
System info: os.name: &apos;Windows 10&apos;, os.arch: &apos;amd64&apos;, os.version: &apos;10.0&apos;, java.version: &apos;23&apos;
Driver info: org.openqa.selenium.chrome.ChromeDriver
Command: [e6f199bb72497b32846ee80d07db725f, findElement {value=img, using=link text}]
Capabilities {acceptInsecureCerts: false, browserName: chrome, browserVersion: 131.0.6778.87, chrome: {chromedriverVersion: 131.0.6778.85 (3d81e41b6f3a..., userDataDir: C:\Users\yuvan\AppData\Loca...}, fedcm:accounts: true, goog:chromeOptions: {debuggerAddress: localhost:58134}, networkConnectionEnabled: false, pageLoadStrategy: normal, platformName: windows, proxy: Proxy(), se:cdp: ws://localhost:58134/devtoo..., se:cdpVersion: 131.0.6778.87, setWindowRect: true, strictFileInteractability: false, timeouts: {implicit: 0, pageLoad: 300000, script: 30000}, unhandledPromptBehavior: dismiss and notify, webauthn:extension:credBlob: true, webauthn:extension:largeBlob: true, webauthn:extension:minPinLength: true, webauthn:extension:prf: true, webauthn:virtualAuthenticators: true}
Session ID: e6f199bb72497b32846ee80d07db725f
	at java.base/jdk.internal.reflect.DirectConstructorHandleAccessor.newInstance(DirectConstructorHandleAccessor.java:62)
	at java.base/java.lang.reflect.Constructor.newInstanceWithCaller(Constructor.java:501)
	at java.base/java.lang.reflect.Constructor.newInstance(Constructor.java:485)
	at org.openqa.selenium.remote.ErrorCodec.decode(ErrorCodec.java:167)
	at org.openqa.selenium.remote.codec.w3c.W3CHttpResponseCodec.decode(W3CHttpResponseCodec.java:138)
	at org.openqa.selenium.remote.codec.w3c.W3CHttpResponseCodec.decode(W3CHttpResponseCodec.java:50)
	at org.openqa.selenium.remote.HttpCommandExecutor.execute(HttpCommandExecutor.java:190)
	at org.openqa.selenium.remote.service.DriverCommandExecutor.invokeExecute(DriverCommandExecutor.java:216)
	at org.openqa.selenium.remote.service.DriverCommandExecutor.execute(DriverCommandExecutor.java:174)
	at org.openqa.selenium.remote.RemoteWebDriver.execute(RemoteWebDriver.java:545)
	at org.openqa.selenium.remote.ElementLocation$ElementFinder$2.findElement(ElementLocation.java:165)
	at org.openqa.selenium.remote.ElementLocation.findElement(ElementLocation.java:59)
	at org.openqa.selenium.remote.RemoteWebDriver.findElement(RemoteWebDriver.java:368)
	at org.openqa.selenium.remote.RemoteWebDriver.findElement(RemoteWebDriver.java:362)
	at org.openqa.selenium.support.pagefactory.DefaultElementLocator.findElement(DefaultElementLocator.java:68)
	at org.openqa.selenium.support.pagefactory.internal.LocatingElementHandler.invoke(LocatingElementHandler.java:38)
	at jdk.proxy2/jdk.proxy2.$Proxy14.isDisplayed(Unknown Source)
	at com.orangehrm.qa.pages.DashboardPage.headerHelpMain(DashboardPage.java:75)
	at com.orangehrm.qa.testcases.DashboardPageTest.helpButtonTest(DashboardPageTest.java:71)
	at java.base/jdk.internal.reflect.DirectMethodHandleAccessor.invoke(DirectMethodHandleAccessor.java:103)
	at java.base/java.lang.reflect.Method.invoke(Method.java:580)
	at org.testng.internal.MethodInvocationHelper.invokeMethod(MethodInvocationHelper.java:133)
	at org.testng.internal.TestInvoker.invokeMethod(TestInvoker.java:598)
	at org.testng.internal.TestInvoker.invokeTestMethod(TestInvoker.java:173)
	at org.testng.internal.MethodRunner.runInSequence(MethodRunner.java:46)
	at org.testng.internal.TestInvoker$MethodInvocationAgent.invoke(TestInvoker.java:824)
	at org.testng.internal.TestInvoker.invokeTestMethods(TestInvoker.java:146)
	at org.testng.internal.TestMethodWorker.invokeTestMethods(TestMethodWorker.java:146)
	at org.testng.internal.TestMethodWorker.run(TestMethodWorker.java:128)
	at java.base/java.util.ArrayList.forEach(ArrayList.java:1597)
	at org.testng.TestRunner.privateRun(TestRunner.java:794)
	at org.testng.TestRunner.run(TestRunner.java:596)
	at org.testng.SuiteRunner.runTest(SuiteRunner.java:377)
	at org.testng.SuiteRunner.runSequentially(SuiteRunner.java:371)
	at org.testng.SuiteRunner.privateRun(SuiteRunner.java:332)
	at org.testng.SuiteRunner.run(SuiteRunner.java:276)
	at org.testng.SuiteRunnerWorker.runSuite(SuiteRunnerWorker.java:53)
	at org.testng.SuiteRunnerWorker.run(SuiteRunnerWorker.java:96)
	at org.testng.TestNG.runSuitesSequentially(TestNG.java:1212)
	at org.testng.TestNG.runSuitesLocally(TestNG.java:1134)
	at org.testng.TestNG.runSuites(TestNG.java:1063)
	at org.testng.TestNG.run(TestNG.java:1031)
	at org.testng.remote.AbstractRemoteTestNG.run(AbstractRemoteTestNG.java:115)
	at org.testng.remote.RemoteTestNG.initAndRun(RemoteTestNG.java:293)
	at org.testng.remote.RemoteTestNG.main(RemoteTestNG.java:91)
</pre></div></td>
<td>51</td>
<td>com.orangehrm.qa.testcases.DashboardPageTest@702657cc</td></tr>
</table><p>
<table width='100%' border='1' class='invocation-passed'>
<tr><td colspan='4' align='center'><b>PASSED TESTS</b></td></tr>
<tr><td><b>Test method</b></td>
<td width="30%"><b>Exception</b></td>
<td width="10%"><b>Time (seconds)</b></td>
<td><b>Instance</b></td>
</tr>
<tr>
<td title='com.orangehrm.qa.testcases.ForgotPasswordPageTest.labelVersionTest()'><b>labelVersionTest</b><br>Test class: com.orangehrm.qa.testcases.ForgotPasswordPageTest</td>
<td></td>
<td>0</td>
<td>com.orangehrm.qa.testcases.ForgotPasswordPageTest@43bc63a3</td></tr>
<tr>
<td title='com.orangehrm.qa.testcases.ForgotPasswordPageTest.clickCancelButtonTest()'><b>clickCancelButtonTest</b><br>Test class: com.orangehrm.qa.testcases.ForgotPasswordPageTest</td>
<td></td>
<td>5</td>
<td>com.orangehrm.qa.testcases.ForgotPasswordPageTest@43bc63a3</td></tr>
<tr>
<td title='com.orangehrm.qa.testcases.LoginPageTest.validateIconPersonTest()'><b>validateIconPersonTest</b><br>Test class: com.orangehrm.qa.testcases.LoginPageTest</td>
<td></td>
<td>4</td>
<td>com.orangehrm.qa.testcases.LoginPageTest@6a6cb05c</td></tr>
<tr>
<td title='com.orangehrm.qa.testcases.LoginPageTest.clickOnForgtPasswordLinkTest()'><b>clickOnForgtPasswordLinkTest</b><br>Test class: com.orangehrm.qa.testcases.LoginPageTest</td>
<td></td>
<td>4</td>
<td>com.orangehrm.qa.testcases.LoginPageTest@6a6cb05c</td></tr>
<tr>
<td title='com.orangehrm.qa.testcases.ForgotPasswordPageTest.enterUsernameTest()'><b>enterUsernameTest</b><br>Test class: com.orangehrm.qa.testcases.ForgotPasswordPageTest</td>
<td></td>
<td>3</td>
<td>com.orangehrm.qa.testcases.ForgotPasswordPageTest@43bc63a3</td></tr>
<tr>
<td title='com.orangehrm.qa.testcases.AboutPageTest.aboutActiveEmployeesValueTest()'><b>aboutActiveEmployeesValueTest</b><br>Test class: com.orangehrm.qa.testcases.AboutPageTest</td>
<td></td>
<td>0</td>
<td>com.orangehrm.qa.testcases.AboutPageTest@38425407</td></tr>
<tr>
<td title='com.orangehrm.qa.testcases.LoginPageTest.validateDemoUserTest()'><b>validateDemoUserTest</b><br>Test class: com.orangehrm.qa.testcases.LoginPageTest</td>
<td></td>
<td>1</td>
<td>com.orangehrm.qa.testcases.LoginPageTest@6a6cb05c</td></tr>
<tr>
<td title='com.orangehrm.qa.testcases.DashboardPageTest.labelUsernameDropdownIconTest()'><b>labelUsernameDropdownIconTest</b><br>Test class: com.orangehrm.qa.testcases.DashboardPageTest</td>
<td></td>
<td>6</td>
<td>com.orangehrm.qa.testcases.DashboardPageTest@702657cc</td></tr>
<tr>
<td title='com.orangehrm.qa.testcases.LoginPageTest.validateLogoHeaderTest()'><b>validateLogoHeaderTest</b><br>Test class: com.orangehrm.qa.testcases.LoginPageTest</td>
<td></td>
<td>1</td>
<td>com.orangehrm.qa.testcases.LoginPageTest@6a6cb05c</td></tr>
<tr>
<td title='com.orangehrm.qa.testcases.ForgotPasswordPageTest.descriptionTextTest()'><b>descriptionTextTest</b><br>Test class: com.orangehrm.qa.testcases.ForgotPasswordPageTest</td>
<td></td>
<td>0</td>
<td>com.orangehrm.qa.testcases.ForgotPasswordPageTest@43bc63a3</td></tr>
<tr>
<td title='com.orangehrm.qa.testcases.AboutPageTest.aboutActiveEmployeesTest()'><b>aboutActiveEmployeesTest</b><br>Test class: com.orangehrm.qa.testcases.AboutPageTest</td>
<td></td>
<td>0</td>
<td>com.orangehrm.qa.testcases.AboutPageTest@38425407</td></tr>
<tr>
<td title='com.orangehrm.qa.testcases.DashboardPageTest.labelUsernameImageTest()'><b>labelUsernameImageTest</b><br>Test class: com.orangehrm.qa.testcases.DashboardPageTest</td>
<td></td>
<td>1</td>
<td>com.orangehrm.qa.testcases.DashboardPageTest@702657cc</td></tr>
<tr>
<td title='com.orangehrm.qa.testcases.SupportPageTest.supportConnactSupportTest()'><b>supportConnactSupportTest</b><br>Test class: com.orangehrm.qa.testcases.SupportPageTest</td>
<td></td>
<td>0</td>
<td>com.orangehrm.qa.testcases.SupportPageTest@34123d65</td></tr>
<tr>
<td title='com.orangehrm.qa.testcases.ForgotPasswordPageTest.iconPersonTest()'><b>iconPersonTest</b><br>Test class: com.orangehrm.qa.testcases.ForgotPasswordPageTest</td>
<td></td>
<td>0</td>
<td>com.orangehrm.qa.testcases.ForgotPasswordPageTest@43bc63a3</td></tr>
<tr>
<td title='com.orangehrm.qa.testcases.AboutPageTest.aboutEmployeesTerminatedValueTest()'><b>aboutEmployeesTerminatedValueTest</b><br>Test class: com.orangehrm.qa.testcases.AboutPageTest</td>
<td></td>
<td>5</td>
<td>com.orangehrm.qa.testcases.AboutPageTest@38425407</td></tr>
<tr>
<td title='com.orangehrm.qa.testcases.SupportPageTest.supportDescriptionTest()'><b>supportDescriptionTest</b><br>Test class: com.orangehrm.qa.testcases.SupportPageTest</td>
<td></td>
<td>0</td>
<td>com.orangehrm.qa.testcases.SupportPageTest@34123d65</td></tr>
<tr>
<td title='com.orangehrm.qa.testcases.ForgotPasswordPageTest.clickMainPageLinkTest()'><b>clickMainPageLinkTest</b><br>Test class: com.orangehrm.qa.testcases.ForgotPasswordPageTest</td>
<td></td>
<td>25</td>
<td>com.orangehrm.qa.testcases.ForgotPasswordPageTest@43bc63a3</td></tr>
<tr>
<td title='com.orangehrm.qa.testcases.AboutPageTest.aboutVersionTest()'><b>aboutVersionTest</b><br>Test class: com.orangehrm.qa.testcases.AboutPageTest</td>
<td></td>
<td>0</td>
<td>com.orangehrm.qa.testcases.AboutPageTest@38425407</td></tr>
<tr>
<td title='com.orangehrm.qa.testcases.AboutPageTest.aboutCompanyNameValueTest()'><b>aboutCompanyNameValueTest</b><br>Test class: com.orangehrm.qa.testcases.AboutPageTest</td>
<td></td>
<td>0</td>
<td>com.orangehrm.qa.testcases.AboutPageTest@38425407</td></tr>
<tr>
<td title='com.orangehrm.qa.testcases.DashboardPageTest.headerDropdownChangePasswordTest()'><b>headerDropdownChangePasswordTest</b><br>Test class: com.orangehrm.qa.testcases.DashboardPageTest</td>
<td></td>
<td>8</td>
<td>com.orangehrm.qa.testcases.DashboardPageTest@702657cc</td></tr>
<tr>
<td title='com.orangehrm.qa.testcases.DashboardPageTest.headerDropdownLogout()'><b>headerDropdownLogout</b><br>Test class: com.orangehrm.qa.testcases.DashboardPageTest</td>
<td></td>
<td>12</td>
<td>com.orangehrm.qa.testcases.DashboardPageTest@702657cc</td></tr>
<tr>
<td title='com.orangehrm.qa.testcases.LoginPageTest.validateViewVersionTest()'><b>validateViewVersionTest</b><br>Test class: com.orangehrm.qa.testcases.LoginPageTest</td>
<td></td>
<td>2</td>
<td>com.orangehrm.qa.testcases.LoginPageTest@6a6cb05c</td></tr>
<tr>
<td title='com.orangehrm.qa.testcases.LoginPageTest.verifyLoginTest()'><b>verifyLoginTest</b><br>Test class: com.orangehrm.qa.testcases.LoginPageTest</td>
<td></td>
<td>8</td>
<td>com.orangehrm.qa.testcases.LoginPageTest@6a6cb05c</td></tr>
<tr>
<td title='com.orangehrm.qa.testcases.LoginPageTest.validateIconUserTest()'><b>validateIconUserTest</b><br>Test class: com.orangehrm.qa.testcases.LoginPageTest</td>
<td></td>
<td>2</td>
<td>com.orangehrm.qa.testcases.LoginPageTest@6a6cb05c</td></tr>
<tr>
<td title='com.orangehrm.qa.testcases.SupportPageTest.supportCopyrightsTest()'><b>supportCopyrightsTest</b><br>Test class: com.orangehrm.qa.testcases.SupportPageTest</td>
<td></td>
<td>0</td>
<td>com.orangehrm.qa.testcases.SupportPageTest@34123d65</td></tr>
<tr>
<td title='com.orangehrm.qa.testcases.DashboardPageTest.labelUsernameTest()'><b>labelUsernameTest</b><br>Test class: com.orangehrm.qa.testcases.DashboardPageTest</td>
<td></td>
<td>1</td>
<td>com.orangehrm.qa.testcases.DashboardPageTest@702657cc</td></tr>
<tr>
<td title='com.orangehrm.qa.testcases.SupportPageTest.supportversionTest()'><b>supportversionTest</b><br>Test class: com.orangehrm.qa.testcases.SupportPageTest</td>
<td></td>
<td>0</td>
<td>com.orangehrm.qa.testcases.SupportPageTest@34123d65</td></tr>
<tr>
<td title='com.orangehrm.qa.testcases.DashboardPageTest.headerDropdownAboutTest()'><b>headerDropdownAboutTest</b><br>Test class: com.orangehrm.qa.testcases.DashboardPageTest</td>
<td></td>
<td>4</td>
<td>com.orangehrm.qa.testcases.DashboardPageTest@702657cc</td></tr>
<tr>
<td title='com.orangehrm.qa.testcases.LoginPageTest.validateViewSocialLinksTest()'><b>validateViewSocialLinksTest</b><br>Test class: com.orangehrm.qa.testcases.LoginPageTest</td>
<td></td>
<td>2</td>
<td>com.orangehrm.qa.testcases.LoginPageTest@6a6cb05c</td></tr>
<tr>
<td title='com.orangehrm.qa.testcases.LoginPageTest.clickOrangehrmWebsiteTest()'><b>clickOrangehrmWebsiteTest</b><br>Test class: com.orangehrm.qa.testcases.LoginPageTest</td>
<td></td>
<td>24</td>
<td>com.orangehrm.qa.testcases.LoginPageTest@6a6cb05c</td></tr>
<tr>
<td title='com.orangehrm.qa.testcases.ForgotPasswordPageTest.clickResetButtonTest()'><b>clickResetButtonTest</b><br>Test class: com.orangehrm.qa.testcases.ForgotPasswordPageTest</td>
<td></td>
<td>3</td>
<td>com.orangehrm.qa.testcases.ForgotPasswordPageTest@43bc63a3</td></tr>
<tr>
<td title='com.orangehrm.qa.testcases.AboutPageTest.aboutCompanyNameTest()'><b>aboutCompanyNameTest</b><br>Test class: com.orangehrm.qa.testcases.AboutPageTest</td>
<td></td>
<td>0</td>
<td>com.orangehrm.qa.testcases.AboutPageTest@38425407</td></tr>
<tr>
<td title='com.orangehrm.qa.testcases.AboutPageTest.aboutEmployeesTerminatedTest()'><b>aboutEmployeesTerminatedTest</b><br>Test class: com.orangehrm.qa.testcases.AboutPageTest</td>
<td></td>
<td>1</td>
<td>com.orangehrm.qa.testcases.AboutPageTest@38425407</td></tr>
<tr>
<td title='com.orangehrm.qa.testcases.DashboardPageTest.headerDropdownSupportTest()'><b>headerDropdownSupportTest</b><br>Test class: com.orangehrm.qa.testcases.DashboardPageTest</td>
<td></td>
<td>6</td>
<td>com.orangehrm.qa.testcases.DashboardPageTest@702657cc</td></tr>
<tr>
<td title='com.orangehrm.qa.testcases.LoginPageTest.validateBrandLogoTest()'><b>validateBrandLogoTest</b><br>Test class: com.orangehrm.qa.testcases.LoginPageTest</td>
<td></td>
<td>4</td>
<td>com.orangehrm.qa.testcases.LoginPageTest@6a6cb05c</td></tr>
<tr>
<td title='com.orangehrm.qa.testcases.LoginPageTest.validateDemoPasswordTest()'><b>validateDemoPasswordTest</b><br>Test class: com.orangehrm.qa.testcases.LoginPageTest</td>
<td></td>
<td>3</td>
<td>com.orangehrm.qa.testcases.LoginPageTest@6a6cb05c</td></tr>
<tr>
<td title='com.orangehrm.qa.testcases.DashboardPageTest.upgradeLinkTest()'><b>upgradeLinkTest</b><br>Test class: com.orangehrm.qa.testcases.DashboardPageTest</td>
<td></td>
<td>20</td>
<td>com.orangehrm.qa.testcases.DashboardPageTest@702657cc</td></tr>
<tr>
<td title='com.orangehrm.qa.testcases.AboutPageTest.aboutHeaderTest()'><b>aboutHeaderTest</b><br>Test class: com.orangehrm.qa.testcases.AboutPageTest</td>
<td></td>
<td>0</td>
<td>com.orangehrm.qa.testcases.AboutPageTest@38425407</td></tr>
<tr>
<td title='com.orangehrm.qa.testcases.LoginPageTest.validateViewCopyRightsTest()'><b>validateViewCopyRightsTest</b><br>Test class: com.orangehrm.qa.testcases.LoginPageTest</td>
<td></td>
<td>2</td>
<td>com.orangehrm.qa.testcases.LoginPageTest@6a6cb05c</td></tr>
<tr>
<td title='com.orangehrm.qa.testcases.SupportPageTest.supportMainWebsiteTest()'><b>supportMainWebsiteTest</b><br>Test class: com.orangehrm.qa.testcases.SupportPageTest</td>
<td></td>
<td>19</td>
<td>com.orangehrm.qa.testcases.SupportPageTest@34123d65</td></tr>
<tr>
<td title='com.orangehrm.qa.testcases.ForgotPasswordPageTest.headerResetPasswordTest()'><b>headerResetPasswordTest</b><br>Test class: com.orangehrm.qa.testcases.ForgotPasswordPageTest</td>
<td></td>
<td>0</td>
<td>com.orangehrm.qa.testcases.ForgotPasswordPageTest@43bc63a3</td></tr>
<tr>
<td title='com.orangehrm.qa.testcases.LoginPageTest.validateViewPasswordTest()'><b>validateViewPasswordTest</b><br>Test class: com.orangehrm.qa.testcases.LoginPageTest</td>
<td></td>
<td>3</td>
<td>com.orangehrm.qa.testcases.LoginPageTest@6a6cb05c</td></tr>
<tr>
<td title='com.orangehrm.qa.testcases.ForgotPasswordPageTest.labelUsernameTest()'><b>labelUsernameTest</b><br>Test class: com.orangehrm.qa.testcases.ForgotPasswordPageTest</td>
<td></td>
<td>1</td>
<td>com.orangehrm.qa.testcases.ForgotPasswordPageTest@43bc63a3</td></tr>
<tr>
<td title='com.orangehrm.qa.testcases.AboutPageTest.aboutVersionValueTest()'><b>aboutVersionValueTest</b><br>Test class: com.orangehrm.qa.testcases.AboutPageTest</td>
<td></td>
<td>0</td>
<td>com.orangehrm.qa.testcases.AboutPageTest@38425407</td></tr>
<tr>
<td title='com.orangehrm.qa.testcases.LoginPageTest.validateViewUsernameTest()'><b>validateViewUsernameTest</b><br>Test class: com.orangehrm.qa.testcases.LoginPageTest</td>
<td></td>
<td>1</td>
<td>com.orangehrm.qa.testcases.LoginPageTest@6a6cb05c</td></tr>
<tr>
<td title='com.orangehrm.qa.testcases.SupportPageTest.supportInformationTest()'><b>supportInformationTest</b><br>Test class: com.orangehrm.qa.testcases.SupportPageTest</td>
<td></td>
<td>1</td>
<td>com.orangehrm.qa.testcases.SupportPageTest@34123d65</td></tr>
</table><p>
</body>
</html>