<?xml version="1.0" encoding="UTF-8"?>
<!-- Generated by org.testng.reporters.JUnitXMLReporter -->
<testsuite ignored="0" hostname="DESKTOP-FLUNI64" failures="1" tests="47" name="Smoke" time="1452.673" errors="0" timestamp="2024-12-05T13:21:56 IST">
  <testcase classname="com.orangehrm.qa.testcases.SupportPageTest" name="supportDescriptionTest" time="0.968"/>
  <testcase classname="com.orangehrm.qa.testcases.SupportPageTest" name="supportInformationTest" time="1.433"/>
  <testcase classname="com.orangehrm.qa.testcases.SupportPageTest" name="supportConnactSupportTest" time="0.833"/>
  <testcase classname="com.orangehrm.qa.testcases.SupportPageTest" name="supportversionTest" time="0.605"/>
  <testcase classname="com.orangehrm.qa.testcases.SupportPageTest" name="supportCopyrightsTest" time="0.616"/>
  <testcase classname="com.orangehrm.qa.testcases.SupportPageTest" name="supportMainWebsiteTest" time="19.917"/>
  <testcase classname="com.orangehrm.qa.testcases.AboutPageTest" name="aboutActiveEmployeesTest" time="0.39"/>
  <testcase classname="com.orangehrm.qa.testcases.AboutPageTest" name="aboutActiveEmployeesValueTest" time="0.43"/>
  <testcase classname="com.orangehrm.qa.testcases.AboutPageTest" name="aboutCompanyNameTest" time="0.466"/>
  <testcase classname="com.orangehrm.qa.testcases.AboutPageTest" name="aboutCompanyNameValueTest" time="0.362"/>
  <testcase classname="com.orangehrm.qa.testcases.AboutPageTest" name="aboutEmployeesTerminatedTest" time="1.942"/>
  <testcase classname="com.orangehrm.qa.testcases.AboutPageTest" name="aboutEmployeesTerminatedValueTest" time="5.238"/>
  <testcase classname="com.orangehrm.qa.testcases.AboutPageTest" name="aboutHeaderTest" time="0.366"/>
  <testcase classname="com.orangehrm.qa.testcases.AboutPageTest" name="aboutVersionTest" time="0.691"/>
  <testcase classname="com.orangehrm.qa.testcases.AboutPageTest" name="aboutVersionValueTest" time="0.573"/>
  <testcase classname="com.orangehrm.qa.testcases.ForgotPasswordPageTest" name="headerResetPasswordTest" time="0.251"/>
  <testcase classname="com.orangehrm.qa.testcases.ForgotPasswordPageTest" name="descriptionTextTest" time="0.627"/>
  <testcase classname="com.orangehrm.qa.testcases.ForgotPasswordPageTest" name="iconPersonTest" time="0.978"/>
  <testcase classname="com.orangehrm.qa.testcases.ForgotPasswordPageTest" name="labelUsernameTest" time="1.243"/>
  <testcase classname="com.orangehrm.qa.testcases.ForgotPasswordPageTest" name="labelVersionTest" time="0.869"/>
  <testcase classname="com.orangehrm.qa.testcases.ForgotPasswordPageTest" name="clickCancelButtonTest" time="5.279"/>
  <testcase classname="com.orangehrm.qa.testcases.ForgotPasswordPageTest" name="clickResetButtonTest" time="3.848"/>
  <testcase classname="com.orangehrm.qa.testcases.ForgotPasswordPageTest" name="enterUsernameTest" time="3.253"/>
  <testcase classname="com.orangehrm.qa.testcases.ForgotPasswordPageTest" name="clickMainPageLinkTest" time="25.831"/>
  <testcase classname="com.orangehrm.qa.testcases.DashboardPageTest" name="upgradeLinkTest" time="20.407"/>
  <testcase classname="com.orangehrm.qa.testcases.DashboardPageTest" name="labelUsernameTest" time="1.968"/>
  <testcase classname="com.orangehrm.qa.testcases.DashboardPageTest" name="labelUsernameImageTest" time="1.313"/>
  <testcase classname="com.orangehrm.qa.testcases.DashboardPageTest" name="labelUsernameDropdownIconTest" time="6.344"/>
  <testcase classname="com.orangehrm.qa.testcases.DashboardPageTest" name="helpButtonTest" time="51.494">
    <failure type="org.openqa.selenium.NoSuchElementException" message="no such element: Unable to locate element: {&amp;quot;method&amp;quot;:&amp;quot;link text&amp;quot;,&amp;quot;selector&amp;quot;:&amp;quot;img&amp;quot;}
  (Session info: chrome=131.0.6778.87)
For documentation on this error, please visit: https://www.selenium.dev/documentation/webdriver/troubleshooting/errors#no-such-element-exception
Build info: version: &amp;apos;4.27.0&amp;apos;, revision: &amp;apos;d6e718d134&amp;apos;
System info: os.name: &amp;apos;Windows 10&amp;apos;, os.arch: &amp;apos;amd64&amp;apos;, os.version: &amp;apos;10.0&amp;apos;, java.version: &amp;apos;23&amp;apos;
Driver info: org.openqa.selenium.chrome.ChromeDriver
Command: [e6f199bb72497b32846ee80d07db725f, findElement {value=img, using=link text}]
Capabilities {acceptInsecureCerts: false, browserName: chrome, browserVersion: 131.0.6778.87, chrome: {chromedriverVersion: 131.0.6778.85 (3d81e41b6f3a..., userDataDir: C:\Users\yuvan\AppData\Loca...}, fedcm:accounts: true, goog:chromeOptions: {debuggerAddress: localhost:58134}, networkConnectionEnabled: false, pageLoadStrategy: normal, platformName: windows, proxy: Proxy(), se:cdp: ws://localhost:58134/devtoo..., se:cdpVersion: 131.0.6778.87, setWindowRect: true, strictFileInteractability: false, timeouts: {implicit: 0, pageLoad: 300000, script: 30000}, unhandledPromptBehavior: dismiss and notify, webauthn:extension:credBlob: true, webauthn:extension:largeBlob: true, webauthn:extension:minPinLength: true, webauthn:extension:prf: true, webauthn:virtualAuthenticators: true}
Session ID: e6f199bb72497b32846ee80d07db725f">
      <![CDATA[org.openqa.selenium.NoSuchElementException: no such element: Unable to locate element: {"method":"link text","selector":"img"}
  (Session info: chrome=131.0.6778.87)
For documentation on this error, please visit: https://www.selenium.dev/documentation/webdriver/troubleshooting/errors#no-such-element-exception
Build info: version: '4.27.0', revision: 'd6e718d134'
System info: os.name: 'Windows 10', os.arch: 'amd64', os.version: '10.0', java.version: '23'
Driver info: org.openqa.selenium.chrome.ChromeDriver
Command: [e6f199bb72497b32846ee80d07db725f, findElement {value=img, using=link text}]
Capabilities {acceptInsecureCerts: false, browserName: chrome, browserVersion: 131.0.6778.87, chrome: {chromedriverVersion: 131.0.6778.85 (3d81e41b6f3a..., userDataDir: C:\Users\yuvan\AppData\Loca...}, fedcm:accounts: true, goog:chromeOptions: {debuggerAddress: localhost:58134}, networkConnectionEnabled: false, pageLoadStrategy: normal, platformName: windows, proxy: Proxy(), se:cdp: ws://localhost:58134/devtoo..., se:cdpVersion: 131.0.6778.87, setWindowRect: true, strictFileInteractability: false, timeouts: {implicit: 0, pageLoad: 300000, script: 30000}, unhandledPromptBehavior: dismiss and notify, webauthn:extension:credBlob: true, webauthn:extension:largeBlob: true, webauthn:extension:minPinLength: true, webauthn:extension:prf: true, webauthn:virtualAuthenticators: true}
Session ID: e6f199bb72497b32846ee80d07db725f
at org.openqa.selenium.remote.ErrorCodec.decode(ErrorCodec.java:167)
at org.openqa.selenium.remote.codec.w3c.W3CHttpResponseCodec.decode(W3CHttpResponseCodec.java:138)
at org.openqa.selenium.remote.codec.w3c.W3CHttpResponseCodec.decode(W3CHttpResponseCodec.java:50)
at org.openqa.selenium.remote.HttpCommandExecutor.execute(HttpCommandExecutor.java:190)
at org.openqa.selenium.remote.service.DriverCommandExecutor.invokeExecute(DriverCommandExecutor.java:216)
at org.openqa.selenium.remote.service.DriverCommandExecutor.execute(DriverCommandExecutor.java:174)
at org.openqa.selenium.remote.RemoteWebDriver.execute(RemoteWebDriver.java:545)
at org.openqa.selenium.remote.ElementLocation$ElementFinder$2.findElement(ElementLocation.java:165)
at org.openqa.selenium.remote.ElementLocation.findElement(ElementLocation.java:59)
at org.openqa.selenium.remote.RemoteWebDriver.findElement(RemoteWebDriver.java:368)
at org.openqa.selenium.remote.RemoteWebDriver.findElement(RemoteWebDriver.java:362)
at org.openqa.selenium.support.pagefactory.DefaultElementLocator.findElement(DefaultElementLocator.java:68)
at org.openqa.selenium.support.pagefactory.internal.LocatingElementHandler.invoke(LocatingElementHandler.java:38)
at jdk.proxy2/jdk.proxy2.$Proxy14.isDisplayed(Unknown Source)
at com.orangehrm.qa.pages.DashboardPage.headerHelpMain(DashboardPage.java:75)
at com.orangehrm.qa.testcases.DashboardPageTest.helpButtonTest(DashboardPageTest.java:71)
at java.base/java.util.ArrayList.forEach(ArrayList.java:1597)
... Removed 28 stack frames]]>
    </failure>
  </testcase> <!-- helpButtonTest -->
  <testcase classname="com.orangehrm.qa.testcases.DashboardPageTest" name="headerDropdownAboutTest" time="4.699"/>
  <testcase classname="com.orangehrm.qa.testcases.DashboardPageTest" name="headerDropdownSupportTest" time="6.695"/>
  <testcase classname="com.orangehrm.qa.testcases.DashboardPageTest" name="headerDropdownChangePasswordTest" time="8.959"/>
  <testcase classname="com.orangehrm.qa.testcases.DashboardPageTest" name="headerDropdownLogout" time="12.134"/>
  <testcase classname="com.orangehrm.qa.testcases.LoginPageTest" name="validateBrandLogoTest" time="4.53"/>
  <testcase classname="com.orangehrm.qa.testcases.LoginPageTest" name="validateLogoHeaderTest" time="1.086"/>
  <testcase classname="com.orangehrm.qa.testcases.LoginPageTest" name="validateDemoUserTest" time="1.236"/>
  <testcase classname="com.orangehrm.qa.testcases.LoginPageTest" name="validateDemoPasswordTest" time="3.739"/>
  <testcase classname="com.orangehrm.qa.testcases.LoginPageTest" name="validateIconUserTest" time="2.377"/>
  <testcase classname="com.orangehrm.qa.testcases.LoginPageTest" name="validateIconPersonTest" time="4.504"/>
  <testcase classname="com.orangehrm.qa.testcases.LoginPageTest" name="validateViewUsernameTest" time="1.864"/>
  <testcase classname="com.orangehrm.qa.testcases.LoginPageTest" name="validateViewPasswordTest" time="3.025"/>
  <testcase classname="com.orangehrm.qa.testcases.LoginPageTest" name="validateViewVersionTest" time="2.396"/>
  <testcase classname="com.orangehrm.qa.testcases.LoginPageTest" name="validateViewCopyRightsTest" time="2.135"/>
  <testcase classname="com.orangehrm.qa.testcases.LoginPageTest" name="validateViewSocialLinksTest" time="2.097"/>
  <testcase classname="com.orangehrm.qa.testcases.LoginPageTest" name="clickOnForgtPasswordLinkTest" time="4.261"/>
  <testcase classname="com.orangehrm.qa.testcases.LoginPageTest" name="clickOrangehrmWebsiteTest" time="24.841"/>
  <testcase classname="com.orangehrm.qa.testcases.LoginPageTest" name="verifyLoginTest" time="8.794"/>
</testsuite> <!-- Smoke -->
